回收一条连接0
freePool.size() 20
maxIdleNum 10
回收一条连接1
freePool.size() 19
maxIdleNum 10
回收一条连接2
freePool.size() 18
maxIdleNum 10
回收一条连接3
freePool.size() 17
maxIdleNum 10
回收一条连接4
freePool.size() 16
maxIdleNum 10
回收一条连接5
freePool.size() 15
maxIdleNum 10
回收一条连接6
freePool.size() 14
maxIdleNum 10
回收一条连接7
freePool.size() 13
maxIdleNum 10
回收一条连接8
freePool.size() 12
maxIdleNum 10
回收一条连接9
freePool.size() 11
maxIdleNum 10
回收一条连接10
freePool.size() 10
maxIdleNum 10
回收一条连接11
freePool.size() 9
maxIdleNum 10
回收一条连接0
freePool.size() 20
maxIdleNum 10
回收一条连接1
freePool.size() 19
maxIdleNum 10
回收一条连接2
freePool.size() 18
maxIdleNum 10
回收一条连接3
freePool.size() 17
maxIdleNum 10
回收一条连接4
freePool.size() 16
maxIdleNum 10
回收一条连接5
freePool.size() 15
maxIdleNum 10
回收一条连接6
freePool.size() 14
maxIdleNum 10
回收一条连接7
freePool.size() 13
maxIdleNum 10
回收一条连接8
freePool.size() 12
maxIdleNum 10
回收一条连接9
freePool.size() 11
maxIdleNum 10
回收一条连接10
freePool.size() 10
maxIdleNum 10
回收一条连接11
freePool.size() 9
maxIdleNum 10
获得connection: 93f37380-0481-4866-9af9-355f4d7ab968
获得connection: 93f37380-0481-4866-9af9-355f4d7ab968
获得connection: 8865e438-ae8d-4c85-a1d2-2b063061b36d
获得connection: 8865e438-ae8d-4c85-a1d2-2b063061b36d
获得connection: 4814cc94-df52-4687-80b0-46869b93bd51
获得connection: 4814cc94-df52-4687-80b0-46869b93bd51
获得connection: c62ce2fd-2653-4d57-be64-657086dbe701
获得connection: c62ce2fd-2653-4d57-be64-657086dbe701
获得connection: f847d989-4dcc-4f92-9233-95a116459b77
获得connection: f847d989-4dcc-4f92-9233-95a116459b77
获得connection: 111e219e-1884-45f4-b538-d815391f66a0
获得connection: 111e219e-1884-45f4-b538-d815391f66a0
获得connection: 0a9395e9-383e-4b43-9bfb-72bb60322f63
获得connection: 0a9395e9-383e-4b43-9bfb-72bb60322f63
获得connection: 9d77f426-8f28-464b-9f8d-7cb41f6fffa9
获得connection: 9d77f426-8f28-464b-9f8d-7cb41f6fffa9
获得connection: 87dfb521-a6ea-4992-8bd7-16a08c99a6fa
获得connection: 87dfb521-a6ea-4992-8bd7-16a08c99a6fa
获得connection: bf57f290-198d-4344-af89-0c7d96859f16
获得connection: bf57f290-198d-4344-af89-0c7d96859f16
获得connection: bcbd9fda-2e08-47d2-9931-62302c72464a
获得connection: bcbd9fda-2e08-47d2-9931-62302c72464a
获得connection: 77dfa6c4-f145-4432-a187-c73659c5aaed
获得connection: 77dfa6c4-f145-4432-a187-c73659c5aaed
获得connection: 955ab066-5a6b-4b07-bb9c-187bc433ea29
获得connection: 955ab066-5a6b-4b07-bb9c-187bc433ea29
获得connection: f35483b6-595c-47bf-8ea1-5f035946de86
获得connection: f35483b6-595c-47bf-8ea1-5f035946de86
获得connection: 3d714716-ee0d-4725-91c8-e4d41c8db833
获得connection: 3d714716-ee0d-4725-91c8-e4d41c8db833
获得connection: e1c25256-2401-4d48-b41c-893da4a0b6b1
获得connection: e1c25256-2401-4d48-b41c-893da4a0b6b1
获得connection: 24c9a343-0708-4e03-a687-20b6b01b6bd8
获得connection: 24c9a343-0708-4e03-a687-20b6b01b6bd8
获得connection: b45f5060-4e80-436a-b6ce-34c9c3858fd6
获得connection: b45f5060-4e80-436a-b6ce-34c9c3858fd6
获得connection: 06280bd2-bfc0-4a8b-bab6-ef40b1e72313
获得connection: 06280bd2-bfc0-4a8b-bab6-ef40b1e72313
获得connection: b8ae95d3-f28c-4af7-8903-8df9a985631c
获得connection: b8ae95d3-f28c-4af7-8903-8df9a985631c
归还connection: 93f37380-0481-4866-9af9-355f4d7ab968
回收一条连接0
freePool.size: 20
maxIdleNum: 10
回收一条连接1
freePool.size: 19
maxIdleNum: 10
回收一条连接2
freePool.size: 18
maxIdleNum: 10
回收一条连接3
freePool.size: 17
maxIdleNum: 10
回收一条连接4
freePool.size: 16
maxIdleNum: 10
回收一条连接5
freePool.size: 15
maxIdleNum: 10
回收一条连接6
freePool.size: 14
maxIdleNum: 10
回收一条连接7
freePool.size: 13
maxIdleNum: 10
回收一条连接8
freePool.size: 12
maxIdleNum: 10
回收一条连接9
freePool.size: 11
maxIdleNum: 10
回收一条连接10
freePool.size: 10
maxIdleNum: 10
回收一条连接11
freePool.size: 9
maxIdleNum: 10
重置数据库连接池
重置数据库连接池
重置数据库连接池
获得connection: 0b8298f9-5f57-405d-905d-be70ec34f3a9
获得connection: 3a4a7768-90cb-4d3a-96ab-625cc272b816
获得connection: 2a101d06-4459-45b5-b9a8-b9cf93101d86
获得connection: 0f34b722-8867-4ca1-a969-6b7491ef52d4
获得connection: cb3d353d-24cd-4f9c-804f-273c0b995f99
获得connection: cbc3ed40-adb0-4280-b152-b7baad961bfd
获得connection: 000a17e3-a155-4c98-9ac8-febd96174522
获得connection: 20d0b38a-72dd-4dd8-97ab-4359f329e88c
获得connection: 0eb32c69-3edc-426d-a3a8-645c8966a8b0
获得connection: 9f5c6a70-88b8-4958-8f4a-7f0eca9c7873
获得connection: 9127a6f3-3ff1-4f98-85bd-c436246b8ee3
获得connection: df04acbf-4f3a-4049-a5d5-3494c48eee67
获得connection: c3b5b539-5106-4ea0-b815-6f02460153bd
获得connection: f42f7905-9cc2-49a9-a633-b6e85c6f877b
获得connection: f00b0c88-9171-4e87-9bf9-4544f986d20b
获得connection: 9b880d83-cc6c-4c32-93db-fd02ae2280d7
获得connection: 4c757ac4-66fa-46ec-b03d-70288ffcdaeb
获得connection: 1da2b552-c577-4a64-af24-d794b4a93bb8
获得connection: a5f2d58f-8cfa-47ab-a2ef-57ca8859f114
获得connection: 85fb861c-9e5d-4755-b71b-c933d6d0bf94
归还connection: 0b8298f9-5f57-405d-905d-be70ec34f3a9
回收一条连接0
freePool.size: 20
maxIdleNum: 10
回收一条连接1
freePool.size: 19
maxIdleNum: 10
回收一条连接2
freePool.size: 18
maxIdleNum: 10
回收一条连接3
freePool.size: 17
maxIdleNum: 10
回收一条连接4
freePool.size: 16
maxIdleNum: 10
回收一条连接5
freePool.size: 15
maxIdleNum: 10
回收一条连接6
freePool.size: 14
maxIdleNum: 10
回收一条连接7
freePool.size: 13
maxIdleNum: 10
回收一条连接8
freePool.size: 12
maxIdleNum: 10
回收一条连接9
freePool.size: 11
maxIdleNum: 10
回收一条连接10
freePool.size: 10
maxIdleNum: 10
回收一条连接11
freePool.size: 9
maxIdleNum: 10
归还connection: 3a4a7768-90cb-4d3a-96ab-625cc272b816
归还connection: 2a101d06-4459-45b5-b9a8-b9cf93101d86
归还connection: 0f34b722-8867-4ca1-a969-6b7491ef52d4
归还connection: cb3d353d-24cd-4f9c-804f-273c0b995f99
归还connection: cbc3ed40-adb0-4280-b152-b7baad961bfd
归还connection: 000a17e3-a155-4c98-9ac8-febd96174522
归还connection: 20d0b38a-72dd-4dd8-97ab-4359f329e88c
归还connection: 0eb32c69-3edc-426d-a3a8-645c8966a8b0
归还connection: 9f5c6a70-88b8-4958-8f4a-7f0eca9c7873
归还connection: 9127a6f3-3ff1-4f98-85bd-c436246b8ee3
归还connection: df04acbf-4f3a-4049-a5d5-3494c48eee67
归还connection: c3b5b539-5106-4ea0-b815-6f02460153bd
归还connection: f42f7905-9cc2-49a9-a633-b6e85c6f877b
归还connection: f00b0c88-9171-4e87-9bf9-4544f986d20b
归还connection: 9b880d83-cc6c-4c32-93db-fd02ae2280d7
归还connection: 4c757ac4-66fa-46ec-b03d-70288ffcdaeb
归还connection: 1da2b552-c577-4a64-af24-d794b4a93bb8
归还connection: a5f2d58f-8cfa-47ab-a2ef-57ca8859f114
归还connection: 85fb861c-9e5d-4755-b71b-c933d6d0bf94
回收一条连接12
freePool.size: 27
maxIdleNum: 10
回收一条连接13
freePool.size: 26
maxIdleNum: 10
回收一条连接14
freePool.size: 25
maxIdleNum: 10
回收一条连接15
freePool.size: 24
maxIdleNum: 10
回收一条连接16
freePool.size: 23
maxIdleNum: 10
回收一条连接17
freePool.size: 22
maxIdleNum: 10
回收一条连接18
freePool.size: 21
maxIdleNum: 10
回收一条连接19
freePool.size: 20
maxIdleNum: 10
回收一条连接20
freePool.size: 19
maxIdleNum: 10
回收一条连接21
freePool.size: 18
maxIdleNum: 10
回收一条连接22
freePool.size: 17
maxIdleNum: 10
回收一条连接23
freePool.size: 16
maxIdleNum: 10
回收一条连接24
freePool.size: 15
maxIdleNum: 10
回收一条连接25
freePool.size: 14
maxIdleNum: 10
回收一条连接26
freePool.size: 13
maxIdleNum: 10
回收一条连接27
freePool.size: 12
maxIdleNum: 10
回收一条连接28
freePool.size: 11
maxIdleNum: 10
回收一条连接29
freePool.size: 10
maxIdleNum: 10
回收一条连接30
freePool.size: 9
maxIdleNum: 10
重置数据库连接池
重置数据库连接池
重置数据库连接池
获得connection: e2106dd5-7269-49e2-8eda-af4f86ded2b5
获得connection: 34a8d37a-aec1-4a51-8651-f8ee37fb2325
获得connection: b105291b-0b86-4cab-8d8b-f63c08019083
获得connection: f0b33b25-d3be-4a5e-9702-303eff05a3c1
获得connection: e1978c4d-b2b8-4c9a-a244-99f0c03cf46c
获得connection: 65028426-72d3-4128-a769-afe171fc2a59
获得connection: 604bce08-d999-473f-8728-bd1e4ad438b6
获得connection: 610d883a-9ce5-4a82-ba70-4d622b6a5654
获得connection: 1b04fe35-4960-41bb-b401-fc67ae081913
获得connection: ddd11fa4-83be-4019-b2a2-9db9e96def20
获得connection: 06c07b52-eb03-4489-b6a7-b51f4237c772
获得connection: bae25c0f-19a1-4b0c-8ebb-de5423134ec3
获得connection: e5c42253-30b4-491c-9bd1-edf14d183d5f
获得connection: bf548b5d-4b55-486c-9ad0-d042ca29b260
获得connection: 5063d07f-f03d-4a5f-bc0a-1a144ab5c65d
获得connection: 9f138b5e-94c3-435b-8171-2992909a6c91
获得connection: 16a7df70-2586-4faf-9578-39d4bfa52ce6
获得connection: 9727bb8d-73ab-4c36-b3f4-a3f60198d37b
获得connection: 22ced2fa-bb1c-4fcf-8843-e35ee8e4664d
获得connection: 9140cb7c-d279-448f-8d52-b11297bdd504
归还connection: e2106dd5-7269-49e2-8eda-af4f86ded2b5
回收一条连接0
freePool.size: 20
maxIdleNum: 10
回收一条连接1
freePool.size: 19
maxIdleNum: 10
回收一条连接2
freePool.size: 18
maxIdleNum: 10
回收一条连接3
freePool.size: 17
maxIdleNum: 10
回收一条连接4
freePool.size: 16
maxIdleNum: 10
回收一条连接5
freePool.size: 15
maxIdleNum: 10
回收一条连接6
freePool.size: 14
maxIdleNum: 10
回收一条连接7
freePool.size: 13
maxIdleNum: 10
回收一条连接8
freePool.size: 12
maxIdleNum: 10
回收一条连接9
freePool.size: 11
maxIdleNum: 10
回收一条连接10
freePool.size: 10
maxIdleNum: 10
回收一条连接11
freePool.size: 9
maxIdleNum: 10
重置数据库连接池
重置数据库连接池
重置数据库连接池
重置数据库连接池
重置数据库连接池
重置数据库连接池
获得connection: a0934324-3281-40b6-8413-a5698b63e16a
获得connection: 4091d752-ee2d-4bfd-91c6-e79743bd09c0
获得connection: 228480c9-f149-4003-b173-f5c90ba57163
获得connection: 36f48fba-4cce-40c4-a61f-69dc28212278
获得connection: 34eeaa26-bb3f-4e27-9ba5-36000abf65ce
获得connection: 8660cc41-95e1-483d-aea6-78eb251d92dd
获得connection: cd9dde68-b529-494c-b255-a435655f7177
获得connection: 4cefd7fe-96f6-46fe-b3a8-877c63436254
获得connection: 5b15247b-f6d9-484b-84c0-934762122926
获得connection: f8f68b8d-fee8-4973-b36f-a6efd7e69c17
获得connection: bd1089be-266a-493d-a294-614f0ddcb0f8
获得connection: bdd82e1d-fca7-4a2e-b265-666b07067f27
获得connection: 745b72e0-4105-4bc7-abff-6ac3a325f394
获得connection: 28f2b6fc-bab8-48fd-8581-dae68573d8ba
获得connection: 6c492fc7-616e-4aa0-b8e0-fc551dbd5ad9
获得connection: 1381643c-5b24-45d5-8bb9-4872a21fed7a
获得connection: a636c88c-7f36-4194-a5a1-e982626750ca
获得connection: cfa8d5de-b0cd-4bfb-b509-76fba59d1e7a
获得connection: cab5dfa5-7d12-46c9-8618-8293d9bcac1e
获得connection: fe6ad604-b51b-4917-85a9-c726e23e62b5
归还connection: a0934324-3281-40b6-8413-a5698b63e16a
回收一条连接0
freePool.size: 20
maxIdleNum: 10
回收一条连接1
freePool.size: 19
maxIdleNum: 10
回收一条连接2
freePool.size: 18
maxIdleNum: 10
回收一条连接3
freePool.size: 17
maxIdleNum: 10
回收一条连接4
freePool.size: 16
maxIdleNum: 10
回收一条连接5
freePool.size: 15
maxIdleNum: 10
回收一条连接6
freePool.size: 14
maxIdleNum: 10
回收一条连接7
freePool.size: 13
maxIdleNum: 10
回收一条连接8
freePool.size: 12
maxIdleNum: 10
回收一条连接9
freePool.size: 11
maxIdleNum: 10
回收一条连接10
freePool.size: 10
maxIdleNum: 10
回收一条连接11
freePool.size: 9
maxIdleNum: 10
重置数据库连接池cn.jing.core.pool.DefaultPool@22a71081
重置数据库连接池cn.jing.core.pool.DefaultPool@3bfdc050
重置数据库连接池cn.jing.core.pool.DefaultPool@14bf9759
获得connection: daee579e-e3f3-4009-ae91-7088bf0a9a71
获得connection: 9667e80e-d484-4680-bfc5-de6a5184b77c
获得connection: 409db037-ff40-4276-8539-48adacb62a2f
获得connection: 02ebd4b7-c3ec-42fe-bb57-50f3d74e91b3
获得connection: 9dc1ce25-ccd8-4297-920b-e63a12c71177
获得connection: 65a38220-7c6e-4d10-93c6-3eb5e92ec0f6
获得connection: 386bdf9c-88e3-4697-a737-5cbb5062bae1
获得connection: 196db8d4-aa8d-4003-99f8-5219effc27d9
获得connection: d6be03e8-51e5-4822-9034-eb1651a65126
获得connection: 10c27b0f-114a-4f64-93c6-0a00cd7dd2e1
获得connection: a94400b2-a500-4934-b2d6-ade98d606474
获得connection: d7ab42f3-be27-4d98-9357-103b1ee515d7
获得connection: f5760ca1-91b3-4dad-b085-b15bd8b6e2c8
获得connection: 417fd8ab-a7c4-45f0-9a12-eee19c2971f4
获得connection: 245e5600-8cfb-4784-bae0-9a9c6049ff34
获得connection: be25486e-76af-48d3-8103-df504247621c
获得connection: b63944df-5023-4a35-bba5-aa7fa810793a
获得connection: e1337875-7719-42ae-b7db-c225100b1994
获得connection: b6e18112-f4e0-4537-959b-fabbfc4cc7d8
获得connection: 5d5451e7-7faf-4585-b00c-5269ec62156b
归还connection: daee579e-e3f3-4009-ae91-7088bf0a9a71
回收一条连接0
freePool.size: 20
maxIdleNum: 10
回收一条连接1
freePool.size: 19
maxIdleNum: 10
回收一条连接2
freePool.size: 18
maxIdleNum: 10
回收一条连接3
freePool.size: 17
maxIdleNum: 10
回收一条连接4
freePool.size: 16
maxIdleNum: 10
回收一条连接5
freePool.size: 15
maxIdleNum: 10
回收一条连接6
freePool.size: 14
maxIdleNum: 10
回收一条连接7
freePool.size: 13
maxIdleNum: 10
回收一条连接8
freePool.size: 12
maxIdleNum: 10
回收一条连接9
freePool.size: 11
maxIdleNum: 10
回收一条连接10
freePool.size: 10
maxIdleNum: 10
回收一条连接11
freePool.size: 9
maxIdleNum: 10
重置数据库连接池4f778ada-8534-4a32-b465-c30f8de5af8c
重置数据库连接池829fb08f-ace1-4e36-a5e2-e88420cc1f61
重置数据库连接池32831368-27ce-47db-ad93-2472f7eac828
获得connection: 8d33f97d-64d3-4892-b5fe-1779ebd0b9b3
获得connection: 6a85cebd-9a84-41a9-a6cc-4cc2dc633f28
获得connection: 1682aac0-4441-4efe-8abe-2dacc3942954
获得connection: 06afdbe2-4f5e-4b72-b6fe-1acb48676c77
获得connection: e13108a9-8bb6-43a8-958b-7a0d66aa5ed5
获得connection: db2f390b-a05b-4787-9b71-9f7b3a76ffd8
获得connection: 52e4962b-9424-45cd-9c29-6dbd64331f87
获得connection: 7a36eeae-6ef5-4c33-a716-e80cb2667e1e
获得connection: d2a5ddac-fc73-440a-9ba8-caf2302c684b
获得connection: 5cd3acc7-9c0d-4490-bc5e-8207e1878e13
获得connection: 982c1022-abf6-4fca-b95a-5e84fece4878
获得connection: 5061ee77-aa12-4d0f-b732-be578b766ee9
获得connection: 5b87e0ce-b01e-4ef7-b7cb-9651423911ba
获得connection: 863ac9df-6acb-4d10-806d-7209af8bf78c
获得connection: cd9f30fb-15bf-4307-a61a-3e9972e5c4dc
获得connection: 829cc6c0-b46c-48ba-8ded-8c3bbe69ee7e
获得connection: ba5c5e59-d2d1-4242-b3fa-93f0c887c892
获得connection: f5c5c569-fe6f-4d31-88b6-a55b9a92b5ec
获得connection: dbb0f396-2708-4a63-9b56-65467c0370f1
获得connection: 413a6938-0e3e-4183-93a9-dc980bb292a6
归还connection: 8d33f97d-64d3-4892-b5fe-1779ebd0b9b3
回收一条连接0
freePool.size: 20
maxIdleNum: 10
回收一条连接1
freePool.size: 19
maxIdleNum: 10
回收一条连接2
freePool.size: 18
maxIdleNum: 10
回收一条连接3
freePool.size: 17
maxIdleNum: 10
回收一条连接4
freePool.size: 16
maxIdleNum: 10
回收一条连接5
freePool.size: 15
maxIdleNum: 10
回收一条连接6
freePool.size: 14
maxIdleNum: 10
回收一条连接7
freePool.size: 13
maxIdleNum: 10
回收一条连接8
freePool.size: 12
maxIdleNum: 10
回收一条连接9
freePool.size: 11
maxIdleNum: 10
回收一条连接10
freePool.size: 10
maxIdleNum: 10
回收一条连接11
freePool.size: 9
maxIdleNum: 10
reset pool 164ce197-6cf5-47de-87db-ad19478e4fd5
reset pool 7d002921-de9a-437f-8999-72d0dbb4a11b
reset pool 1f45f5a9-47fc-4db4-9f04-e9d6a36a9dcd
f86bf4e5-264c-4bb7-a5b6-f973f4b91ce3 from pool 164ce197-6cf5-47de-87db-ad19478e4fd5
2f67ec6c-1192-4f8a-8f54-f1c72ff6b14f from pool 164ce197-6cf5-47de-87db-ad19478e4fd5
ec77d78b-6dfe-4a62-999d-40b5b353d7d6 from pool 164ce197-6cf5-47de-87db-ad19478e4fd5
be8eacb8-ad3c-4f3d-b276-179074147fb9 from pool 164ce197-6cf5-47de-87db-ad19478e4fd5
3e46168c-3fc4-41d7-918b-b9b68a111dbb from pool 164ce197-6cf5-47de-87db-ad19478e4fd5
456abf1d-ca0f-4266-b360-717dbbf89f2c from pool 164ce197-6cf5-47de-87db-ad19478e4fd5
504532c8-f5e7-4d0c-813c-798b0e68dfa1 from pool 164ce197-6cf5-47de-87db-ad19478e4fd5
47c0bd42-e941-449e-b9f5-6d68458883c8 from pool 164ce197-6cf5-47de-87db-ad19478e4fd5
a25d4e01-d0e9-4e47-b7d3-63de6f923030 from pool 164ce197-6cf5-47de-87db-ad19478e4fd5
767e24e7-72ba-400e-ba2e-91852e5e3673 from pool 164ce197-6cf5-47de-87db-ad19478e4fd5
53470256-2831-486f-b223-9629b7e21858 from pool 164ce197-6cf5-47de-87db-ad19478e4fd5
f16a7d5b-3aff-4021-8d07-45691ae15e58 from pool 164ce197-6cf5-47de-87db-ad19478e4fd5
ce759ed3-3e15-46e0-9470-6a52e9ea1098 from pool 164ce197-6cf5-47de-87db-ad19478e4fd5
4fefd46b-d085-4e30-895c-3139fbdb6404 from pool 164ce197-6cf5-47de-87db-ad19478e4fd5
faa8f487-f15c-4419-b9ec-5d14b9f59a43 from pool 164ce197-6cf5-47de-87db-ad19478e4fd5
42d224f0-caf3-47a7-8dac-fd16ae847c9f from pool 164ce197-6cf5-47de-87db-ad19478e4fd5
c0e19cb1-6897-4438-9211-db21d9150703 from pool 164ce197-6cf5-47de-87db-ad19478e4fd5
5a2f4caf-2621-47c8-be0b-46c1b7108622 from pool 164ce197-6cf5-47de-87db-ad19478e4fd5
ed211a4c-29ed-4885-8c88-1d5a57ae569f from pool 164ce197-6cf5-47de-87db-ad19478e4fd5
1d13330d-6f8f-4f82-b23f-5946f52032bc from pool 164ce197-6cf5-47de-87db-ad19478e4fd5
f86bf4e5-264c-4bb7-a5b6-f973f4b91ce3 to pool 164ce197-6cf5-47de-87db-ad19478e4fd5
ConnectionGC thread destroy a connection 0daa5b62-d070-430d-8c9a-2bbbbd3be8b3 from pool 164ce197-6cf5-47de-87db-ad19478e4fd5
freePool.size 20 in pool 164ce197-6cf5-47de-87db-ad19478e4fd5
ConnectionGC thread destroy a connection a8284ce5-c44a-4b00-884b-d1a313fa2a9b from pool 164ce197-6cf5-47de-87db-ad19478e4fd5
freePool.size 19 in pool 164ce197-6cf5-47de-87db-ad19478e4fd5
ConnectionGC thread destroy a connection 2a9513c1-4c00-4db8-9aff-9f70849f825d from pool 164ce197-6cf5-47de-87db-ad19478e4fd5
freePool.size 18 in pool 164ce197-6cf5-47de-87db-ad19478e4fd5
ConnectionGC thread destroy a connection 72c1e5c6-7b15-4706-bfcf-612b38e9c95b from pool 164ce197-6cf5-47de-87db-ad19478e4fd5
freePool.size 17 in pool 164ce197-6cf5-47de-87db-ad19478e4fd5
ConnectionGC thread destroy a connection 53462b13-1d49-4900-9f7d-bc8748b54a77 from pool 164ce197-6cf5-47de-87db-ad19478e4fd5
freePool.size 16 in pool 164ce197-6cf5-47de-87db-ad19478e4fd5
ConnectionGC thread destroy a connection 1b157374-a978-4aaf-b208-8f39b77354fe from pool 164ce197-6cf5-47de-87db-ad19478e4fd5
freePool.size 15 in pool 164ce197-6cf5-47de-87db-ad19478e4fd5
ConnectionGC thread destroy a connection 7db0b830-440a-4932-b10a-ba1ed17faa4d from pool 164ce197-6cf5-47de-87db-ad19478e4fd5
freePool.size 14 in pool 164ce197-6cf5-47de-87db-ad19478e4fd5
ConnectionGC thread destroy a connection 9ef8dbd0-aab5-4e7a-85c8-7c225fc93636 from pool 164ce197-6cf5-47de-87db-ad19478e4fd5
freePool.size 13 in pool 164ce197-6cf5-47de-87db-ad19478e4fd5
ConnectionGC thread destroy a connection 61a84f44-57d2-4183-a8f8-fecdf417c185 from pool 164ce197-6cf5-47de-87db-ad19478e4fd5
freePool.size 12 in pool 164ce197-6cf5-47de-87db-ad19478e4fd5
ConnectionGC thread destroy a connection 93f6397b-b2f8-4075-a19c-4fe7e6913dbe from pool 164ce197-6cf5-47de-87db-ad19478e4fd5
freePool.size 11 in pool 164ce197-6cf5-47de-87db-ad19478e4fd5
ConnectionGC thread destroy a connection 3195cbca-0314-4536-bb48-0c367d33e58f from pool 164ce197-6cf5-47de-87db-ad19478e4fd5
freePool.size 10 in pool 164ce197-6cf5-47de-87db-ad19478e4fd5
ConnectionGC thread destroy a connection fce5786d-b880-45fe-8505-9ca354b327e2 from pool 164ce197-6cf5-47de-87db-ad19478e4fd5
freePool.size 9 in pool 164ce197-6cf5-47de-87db-ad19478e4fd5
reset pool 802b2df8-6a1d-48c1-89d8-2769fa42ff26
reset pool ec783a09-f91a-4776-8e8d-b38608943be8
reset pool 95562ad7-1d02-46e6-88ac-f44be57b284c
jxm server starting ...
you can open http://localhost:8082 with browser
726356ab-3dd2-43e1-9e05-385cfffcb40b from pool 802b2df8-6a1d-48c1-89d8-2769fa42ff26
5adecef0-0286-4f90-a312-674dfd48cf4b from pool 802b2df8-6a1d-48c1-89d8-2769fa42ff26
a2e15c9c-7dcf-4623-8d6a-cd9b3291ef30 from pool 802b2df8-6a1d-48c1-89d8-2769fa42ff26
975eafa6-42ae-4c1f-81c6-0dd711349d8e from pool 802b2df8-6a1d-48c1-89d8-2769fa42ff26
bd4db93a-e6e8-431a-8828-4257007afeef from pool 802b2df8-6a1d-48c1-89d8-2769fa42ff26
217facff-baca-40de-bb07-3119229ba967 from pool 802b2df8-6a1d-48c1-89d8-2769fa42ff26
0bb15aff-5d3f-4912-94e2-a88d02adec8e from pool 802b2df8-6a1d-48c1-89d8-2769fa42ff26
69edf04a-7581-4476-883c-ad244f5f1336 from pool 802b2df8-6a1d-48c1-89d8-2769fa42ff26
0a895a31-1bb0-469b-afce-3b6ac9a72da9 from pool 802b2df8-6a1d-48c1-89d8-2769fa42ff26
2e69f417-9d24-4939-91cd-748ca530bccd from pool 802b2df8-6a1d-48c1-89d8-2769fa42ff26
4e99a08b-c7e9-4473-be7d-ba449694d5d4 from pool 802b2df8-6a1d-48c1-89d8-2769fa42ff26
5cb32f44-3bd9-48a6-8478-12ecd5f70225 from pool 802b2df8-6a1d-48c1-89d8-2769fa42ff26
ca1af4cc-c7d1-4e1c-b206-5c10ae7f4a5b from pool 802b2df8-6a1d-48c1-89d8-2769fa42ff26
9ea83b9e-ca3c-49d2-aa03-e46e378f3e74 from pool 802b2df8-6a1d-48c1-89d8-2769fa42ff26
62085c14-636c-4b56-9157-ae4ffeb51d01 from pool 802b2df8-6a1d-48c1-89d8-2769fa42ff26
reset pool 94e61d14-812b-4360-8a6f-01fff2ccbca0
reset pool 9118f318-ffa4-4df2-9951-308c9890f223
reset pool 9e855e6b-2323-4614-858d-61d3e6fb55d0
jmx server starting ...
you can open http://localhost:8082 with browser
40357b43-8e42-4f98-aa1b-648a9584284c from pool 94e61d14-812b-4360-8a6f-01fff2ccbca0
5c11241f-9604-44fd-93e8-bab62003f516 from pool 94e61d14-812b-4360-8a6f-01fff2ccbca0
e4e10219-ddfc-45aa-9841-bc9375e3e2cd from pool 94e61d14-812b-4360-8a6f-01fff2ccbca0
dd4c1fb8-57cc-471e-b475-d6304c24e625 from pool 94e61d14-812b-4360-8a6f-01fff2ccbca0
6a22926f-4fd6-4473-8023-d9933a3b7980 from pool 94e61d14-812b-4360-8a6f-01fff2ccbca0
0d187f6f-33d2-4a3d-bba4-74c0ffdd01d6 from pool 94e61d14-812b-4360-8a6f-01fff2ccbca0
da8cfbdc-37b4-4ea2-aa66-1e468288a975 from pool 94e61d14-812b-4360-8a6f-01fff2ccbca0
8f9c4408-3656-42fd-8091-50658dbcb996 from pool 94e61d14-812b-4360-8a6f-01fff2ccbca0
0a6f87c2-74bf-43fc-b4db-0ca1e4805a47 from pool 94e61d14-812b-4360-8a6f-01fff2ccbca0
66f48afc-0191-45a1-8ec8-2f512b9652d1 from pool 94e61d14-812b-4360-8a6f-01fff2ccbca0
1d5bb3fd-4e3f-4aca-ae34-e6f521585a96 from pool 94e61d14-812b-4360-8a6f-01fff2ccbca0
f1907a67-a333-447d-95f3-42263b8b47ba from pool 94e61d14-812b-4360-8a6f-01fff2ccbca0
b43c3200-d199-4d09-bce0-b8e0e09e8474 from pool 94e61d14-812b-4360-8a6f-01fff2ccbca0
68c5b544-7608-4fec-964e-5100a361b31a from pool 94e61d14-812b-4360-8a6f-01fff2ccbca0
a85d1e44-f0ed-488e-8863-0824b3455650 from pool 94e61d14-812b-4360-8a6f-01fff2ccbca0
1ad31a41-8c0b-46d3-b009-db31ddf89de3 from pool 94e61d14-812b-4360-8a6f-01fff2ccbca0
ca55aa3c-c101-44b9-81dc-b5c30e9f8a4d from pool 94e61d14-812b-4360-8a6f-01fff2ccbca0
46717696-7e38-4339-b485-93d33d6e0610 from pool 94e61d14-812b-4360-8a6f-01fff2ccbca0
88f0327a-eb62-4b6a-b5c9-ee7485120f9c from pool 94e61d14-812b-4360-8a6f-01fff2ccbca0
032e92d5-c0cd-4317-a880-bcf36f0f707f from pool 94e61d14-812b-4360-8a6f-01fff2ccbca0
40357b43-8e42-4f98-aa1b-648a9584284c to pool 94e61d14-812b-4360-8a6f-01fff2ccbca0
ConnectionGC thread destroy a connection 6a6243ec-b1c9-489b-8d0d-83265736d5cc from pool 94e61d14-812b-4360-8a6f-01fff2ccbca0
freePool.size = 20 in pool 94e61d14-812b-4360-8a6f-01fff2ccbca0
ConnectionGC thread destroy a connection b6521b03-690e-4221-9a5f-a4c0acbf6659 from pool 94e61d14-812b-4360-8a6f-01fff2ccbca0
freePool.size = 19 in pool 94e61d14-812b-4360-8a6f-01fff2ccbca0
ConnectionGC thread destroy a connection a8967558-6b5d-4ad3-91aa-cf3b3787c66f from pool 94e61d14-812b-4360-8a6f-01fff2ccbca0
freePool.size = 18 in pool 94e61d14-812b-4360-8a6f-01fff2ccbca0
ConnectionGC thread destroy a connection 644771b5-2fbd-423c-a27d-12b7daeeddf0 from pool 94e61d14-812b-4360-8a6f-01fff2ccbca0
freePool.size = 17 in pool 94e61d14-812b-4360-8a6f-01fff2ccbca0
ConnectionGC thread destroy a connection 0be5f687-32c5-429f-a84a-aa73cefaec68 from pool 94e61d14-812b-4360-8a6f-01fff2ccbca0
freePool.size = 16 in pool 94e61d14-812b-4360-8a6f-01fff2ccbca0
ConnectionGC thread destroy a connection c422bdf9-afc5-4200-8438-8b7e7f754035 from pool 94e61d14-812b-4360-8a6f-01fff2ccbca0
freePool.size = 15 in pool 94e61d14-812b-4360-8a6f-01fff2ccbca0
ConnectionGC thread destroy a connection 0eeeaa34-b3f3-4883-b63d-75dfeaffc65e from pool 94e61d14-812b-4360-8a6f-01fff2ccbca0
freePool.size = 14 in pool 94e61d14-812b-4360-8a6f-01fff2ccbca0
ConnectionGC thread destroy a connection da9ff4c3-0b6b-40fa-9fb2-956b8920e0bb from pool 94e61d14-812b-4360-8a6f-01fff2ccbca0
freePool.size = 13 in pool 94e61d14-812b-4360-8a6f-01fff2ccbca0
ConnectionGC thread destroy a connection 37494ff1-4ff7-44bf-a5ec-eb836f9cf760 from pool 94e61d14-812b-4360-8a6f-01fff2ccbca0
freePool.size = 12 in pool 94e61d14-812b-4360-8a6f-01fff2ccbca0
ConnectionGC thread destroy a connection 36eb58c5-21e6-4b9c-8c69-aa49d23bdad6 from pool 94e61d14-812b-4360-8a6f-01fff2ccbca0
freePool.size = 11 in pool 94e61d14-812b-4360-8a6f-01fff2ccbca0
ConnectionGC thread destroy a connection 36ee3fd3-966d-4d78-8fb5-84fedc84cd9c from pool 94e61d14-812b-4360-8a6f-01fff2ccbca0
freePool.size = 10 in pool 94e61d14-812b-4360-8a6f-01fff2ccbca0
ConnectionGC thread destroy a connection 2a21f891-b768-483b-9b2b-0b39a3f7a9f7 from pool 94e61d14-812b-4360-8a6f-01fff2ccbca0
freePool.size = 9 in pool 94e61d14-812b-4360-8a6f-01fff2ccbca0
5c11241f-9604-44fd-93e8-bab62003f516 to pool 94e61d14-812b-4360-8a6f-01fff2ccbca0
e4e10219-ddfc-45aa-9841-bc9375e3e2cd to pool 94e61d14-812b-4360-8a6f-01fff2ccbca0
dd4c1fb8-57cc-471e-b475-d6304c24e625 to pool 94e61d14-812b-4360-8a6f-01fff2ccbca0
6a22926f-4fd6-4473-8023-d9933a3b7980 to pool 94e61d14-812b-4360-8a6f-01fff2ccbca0
0d187f6f-33d2-4a3d-bba4-74c0ffdd01d6 to pool 94e61d14-812b-4360-8a6f-01fff2ccbca0
da8cfbdc-37b4-4ea2-aa66-1e468288a975 to pool 94e61d14-812b-4360-8a6f-01fff2ccbca0
8f9c4408-3656-42fd-8091-50658dbcb996 to pool 94e61d14-812b-4360-8a6f-01fff2ccbca0
0a6f87c2-74bf-43fc-b4db-0ca1e4805a47 to pool 94e61d14-812b-4360-8a6f-01fff2ccbca0
66f48afc-0191-45a1-8ec8-2f512b9652d1 to pool 94e61d14-812b-4360-8a6f-01fff2ccbca0
1d5bb3fd-4e3f-4aca-ae34-e6f521585a96 to pool 94e61d14-812b-4360-8a6f-01fff2ccbca0
f1907a67-a333-447d-95f3-42263b8b47ba to pool 94e61d14-812b-4360-8a6f-01fff2ccbca0
b43c3200-d199-4d09-bce0-b8e0e09e8474 to pool 94e61d14-812b-4360-8a6f-01fff2ccbca0
68c5b544-7608-4fec-964e-5100a361b31a to pool 94e61d14-812b-4360-8a6f-01fff2ccbca0
a85d1e44-f0ed-488e-8863-0824b3455650 to pool 94e61d14-812b-4360-8a6f-01fff2ccbca0
1ad31a41-8c0b-46d3-b009-db31ddf89de3 to pool 94e61d14-812b-4360-8a6f-01fff2ccbca0
ca55aa3c-c101-44b9-81dc-b5c30e9f8a4d to pool 94e61d14-812b-4360-8a6f-01fff2ccbca0
46717696-7e38-4339-b485-93d33d6e0610 to pool 94e61d14-812b-4360-8a6f-01fff2ccbca0
88f0327a-eb62-4b6a-b5c9-ee7485120f9c to pool 94e61d14-812b-4360-8a6f-01fff2ccbca0
032e92d5-c0cd-4317-a880-bcf36f0f707f to pool 94e61d14-812b-4360-8a6f-01fff2ccbca0
ConnectionGC thread destroy a connection 0ddfe563-211f-4531-9a95-b98cb32d81a9 from pool 94e61d14-812b-4360-8a6f-01fff2ccbca0
freePool.size = 27 in pool 94e61d14-812b-4360-8a6f-01fff2ccbca0
ConnectionGC thread destroy a connection 11683f3d-d520-4573-b1cf-a37a38e1b4aa from pool 94e61d14-812b-4360-8a6f-01fff2ccbca0
freePool.size = 26 in pool 94e61d14-812b-4360-8a6f-01fff2ccbca0
ConnectionGC thread destroy a connection 750959a7-3232-45d0-b1c3-232ea9bb3ee4 from pool 94e61d14-812b-4360-8a6f-01fff2ccbca0
freePool.size = 25 in pool 94e61d14-812b-4360-8a6f-01fff2ccbca0
ConnectionGC thread destroy a connection 6a4b0be6-2234-4447-afce-c1719eebb8bc from pool 94e61d14-812b-4360-8a6f-01fff2ccbca0
freePool.size = 24 in pool 94e61d14-812b-4360-8a6f-01fff2ccbca0
ConnectionGC thread destroy a connection c1bffee6-b1a4-4fd0-a263-2002b54a16ba from pool 94e61d14-812b-4360-8a6f-01fff2ccbca0
freePool.size = 23 in pool 94e61d14-812b-4360-8a6f-01fff2ccbca0
ConnectionGC thread destroy a connection 47037a71-d7a0-45be-b3f6-051881c27a69 from pool 94e61d14-812b-4360-8a6f-01fff2ccbca0
freePool.size = 22 in pool 94e61d14-812b-4360-8a6f-01fff2ccbca0
ConnectionGC thread destroy a connection 2a64ded4-69bf-4c6f-8d3c-beca84bb020a from pool 94e61d14-812b-4360-8a6f-01fff2ccbca0
freePool.size = 21 in pool 94e61d14-812b-4360-8a6f-01fff2ccbca0
ConnectionGC thread destroy a connection a17815fc-4c48-4eb8-abce-c04987c29342 from pool 94e61d14-812b-4360-8a6f-01fff2ccbca0
freePool.size = 20 in pool 94e61d14-812b-4360-8a6f-01fff2ccbca0
ConnectionGC thread destroy a connection 40357b43-8e42-4f98-aa1b-648a9584284c from pool 94e61d14-812b-4360-8a6f-01fff2ccbca0
freePool.size = 19 in pool 94e61d14-812b-4360-8a6f-01fff2ccbca0
ConnectionGC thread destroy a connection 5c11241f-9604-44fd-93e8-bab62003f516 from pool 94e61d14-812b-4360-8a6f-01fff2ccbca0
freePool.size = 18 in pool 94e61d14-812b-4360-8a6f-01fff2ccbca0
ConnectionGC thread destroy a connection e4e10219-ddfc-45aa-9841-bc9375e3e2cd from pool 94e61d14-812b-4360-8a6f-01fff2ccbca0
freePool.size = 17 in pool 94e61d14-812b-4360-8a6f-01fff2ccbca0
ConnectionGC thread destroy a connection dd4c1fb8-57cc-471e-b475-d6304c24e625 from pool 94e61d14-812b-4360-8a6f-01fff2ccbca0
freePool.size = 16 in pool 94e61d14-812b-4360-8a6f-01fff2ccbca0
ConnectionGC thread destroy a connection 6a22926f-4fd6-4473-8023-d9933a3b7980 from pool 94e61d14-812b-4360-8a6f-01fff2ccbca0
freePool.size = 15 in pool 94e61d14-812b-4360-8a6f-01fff2ccbca0
ConnectionGC thread destroy a connection 0d187f6f-33d2-4a3d-bba4-74c0ffdd01d6 from pool 94e61d14-812b-4360-8a6f-01fff2ccbca0
freePool.size = 14 in pool 94e61d14-812b-4360-8a6f-01fff2ccbca0
ConnectionGC thread destroy a connection da8cfbdc-37b4-4ea2-aa66-1e468288a975 from pool 94e61d14-812b-4360-8a6f-01fff2ccbca0
freePool.size = 13 in pool 94e61d14-812b-4360-8a6f-01fff2ccbca0
ConnectionGC thread destroy a connection 8f9c4408-3656-42fd-8091-50658dbcb996 from pool 94e61d14-812b-4360-8a6f-01fff2ccbca0
freePool.size = 12 in pool 94e61d14-812b-4360-8a6f-01fff2ccbca0
ConnectionGC thread destroy a connection 0a6f87c2-74bf-43fc-b4db-0ca1e4805a47 from pool 94e61d14-812b-4360-8a6f-01fff2ccbca0
freePool.size = 11 in pool 94e61d14-812b-4360-8a6f-01fff2ccbca0
ConnectionGC thread destroy a connection 66f48afc-0191-45a1-8ec8-2f512b9652d1 from pool 94e61d14-812b-4360-8a6f-01fff2ccbca0
freePool.size = 10 in pool 94e61d14-812b-4360-8a6f-01fff2ccbca0
ConnectionGC thread destroy a connection 1d5bb3fd-4e3f-4aca-ae34-e6f521585a96 from pool 94e61d14-812b-4360-8a6f-01fff2ccbca0
freePool.size = 9 in pool 94e61d14-812b-4360-8a6f-01fff2ccbca0
